
> frontend@0.1.0 build
> next build

   ▲ Next.js 15.3.3
   - Environments: .env.local

   Creating an optimized production build ...
/*! 🌼 daisyUI 5.0.43 */
 ✓ Compiled successfully in 2000ms
   Skipping validation of types
   Skipping linting
   Collecting page data ...
   Generating static pages (0/9) ...
   Generating static pages (2/9) 
   Generating static pages (4/9) 
   Generating static pages (6/9) 
 ✓ Generating static pages (9/9)
   Finalizing page optimization ...
   Collecting build traces ...

Route (app)                                 Size  First Load JS
┌ ○ /                                      813 B         111 kB
├ ○ /_not-found                            977 B         102 kB
├ ƒ /api/upload                            136 B         101 kB
├ ○ /favorites                           2.57 kB         159 kB
├ ○ /houses                              2.96 kB         159 kB
├ ƒ /houses/[id]                         3.08 kB         156 kB
├ ○ /messages                            2.26 kB         159 kB
├ ƒ /messages/[houseId]/[userId]         1.78 kB         149 kB
├ ƒ /signIn/[[...rest]]                    342 B         134 kB
└ ○ /userHouses                          3.26 kB         160 kB
+ First Load JS shared by all             101 kB
  ├ chunks/4bd1b696-af7775c533392656.js  53.2 kB
  ├ chunks/684-7fe8679279b4c9e7.js       45.9 kB
  └ other shared chunks (total)          1.99 kB


○  (Static)   prerendered as static content
ƒ  (Dynamic)  server-rendered on demand

